C51 COMPILER V9.00   DELAY                                                                 04/08/2015 10:28:11 PAGE 1   


C51 COMPILER V9.00, COMPILATION OF MODULE DELAY
OBJECT MODULE PLACED IN delay.OBJ
COMPILER INVOKED BY: D:\software\Keil\C51\BIN\C51.EXE delay.c BROWSE DEBUG OBJECTEXTEND

line level    source

   1          #include "delay.h"
   2          void delay_us(unsigned int cnt) { 
   3   1              while(--cnt);
   4   1      } 
   5          void delay_ms(unsigned int cnt) { 
   6   1              unsigned int i, j; 
   7   1              for (i = 0; i < cnt; i++) { 
   8   2                      for (j = 0;j < 65; j++) { 
   9   3                              delay_us(1); 
  10   3                      } 
  11   2              } 
  12   1      }


MODULE INFORMATION:   STATIC OVERLAYABLE
   CODE SIZE        =     51    ----
   CONSTANT SIZE    =   ----    ----
   XDATA SIZE       =   ----    ----
   PDATA SIZE       =   ----    ----
   DATA SIZE        =   ----    ----
   IDATA SIZE       =   ----    ----
   BIT SIZE         =   ----    ----
END OF MODULE INFORMATION.


C51 COMPILATION COMPLETE.  0 WARNING(S),  0 ERROR(S)
