C51 COMPILER V9.00   KEYBOARD                                                              04/08/2015 12:35:48 PAGE 1   


C51 COMPILER V9.00, COMPILATION OF MODULE KEYBOARD
OBJECT MODULE PLACED IN keyboard.OBJ
COMPILER INVOKED BY: D:\software\Keil\C51\BIN\C51.EXE keyboard.c BROWSE DEBUG OBJECTEXTEND

line level    source

   1          #include "includes.h"   //keyboard.c
   2          extern unsigned char sk; 
   3          sbit key0=P2^0; 
   4          sbit key1=P2^1; 
   5          sbit key2=P2^2; 
   6          sbit key3=P2^3;
   7          sbit speak=P2^7; 
   8          unsigned char KeyProcess(void) { 
   9   1              unsigned char key; 
  10   1              unsigned char keyvalue = 16; 
  11   1              key=keyscan();                  //调用键盘扫描 
  12   1              switch(key) { 
  13   2                      case 0xee:keyvalue = 0;break; //0 按下相应的键显示相对应的码值 
  14   2                      case 0xde:keyvalue = 1;break; //1 按下相应的键显示相对应的码值 
  15   2                      case 0xbe:keyvalue = 2;break; //2 
  16   2                      case 0x7e:keyvalue = 3;break; //3 
  17   2                      case 0xed:keyvalue = 5;break; //4 
  18   2                      case 0xdd:keyvalue = 6;break; //5 
  19   2                      case 0xbd:keyvalue = 7;break; //6 
  20   2                      case 0x7d:keyvalue = 8;break; //7 
  21   2                      case 0xeb:keyvalue = 10;break; //8 
  22   2                      case 0xdb:keyvalue = 11;break; //9 
  23   2                      case 0xbb:keyvalue = 12;break; //10 
  24   2                      case 0x7b:keyvalue = 13;break; //11 
  25   2                      case 0xe7:keyvalue = 15;break; //12 
  26   2                      case 0xd7:keyvalue = 16;break; //13 
  27   2                      case 0xb7:keyvalue = 17;break; //14 
  28   2                      case 0x77:keyvalue = 18;break; //15 
  29   2                      case 0x00:keyvalue = 4;break; //key0 
  30   2                      case 0x01:keyvalue = 9;break; //key1 
  31   2                      case 0x02:keyvalue = 14;break; //key2 
  32   2                      case 0x03:keyvalue = 19;break; //key3 
  33   2                      case 0xff:keyvalue = 20;break; 
  34   2                      default: keyvalue = 20;break; 
  35   2              } 
  36   1              return keyvalue; 
  37   1      } 
  38          unsigned char keyscan(void){            //键盘扫描函数，使用行列反转扫描法 
  39   1              unsigned char cord_h,cord_l;    //行列值中间变量 
  40   1              P3=0x0f;        //行线输出全为 1,列线输出全为 0 
  41   1              cord_h=P3&0x0f;         //读入行线值 
  42   1              if(cord_h!=0x0f)        //先检测有无按键按下 
  43   1              { 
  44   2                      delay_us(100);  //去抖 
  45   2                      if(cord_h!=0x0f) { 
  46   3                              cord_h=P3&0x0f;         //读入行线值
  47   3                              P3=cord_h|0xf0;         //输出当前行线值
  48   3                              cord_l=P3&0xf0;         //读入列线值
  49   3                              while(P3 != 0x0f) { 
  50   4                                      P3 = 0x0f; 
  51   4                                      speak = !sk; 
  52   4                              } 
  53   3                              speak=1; 
  54   3                              delay_ms(20); 
  55   3                              return(cord_h+cord_l);  //键盘最后组合码值
C51 COMPILER V9.00   KEYBOARD                                                              04/08/2015 12:35:48 PAGE 2   

  56   3                      } 
  57   2              } 
  58   1              if(key0 == 0) { 
  59   2                      delay_us(100); 
  60   2                      if(key0==0) { 
  61   3                              while(key0 == 0) { 
  62   4                                      speak = !sk; 
  63   4                              } speak = 1; 
  64   3                              delay_ms(3); 
  65   3                              return 0x00; 
  66   3                      } 
  67   2              } 
  68   1              if(key1 == 0) { 
  69   2                      delay_us(100); 
  70   2                      if(key1==0) { 
  71   3                              while(key1 == 0) { 
  72   4                                      speak = !sk; 
  73   4                              } 
  74   3                              speak = 1; 
  75   3                              delay_ms(3); 
  76   3                              return 0x01; 
  77   3                      } 
  78   2              } 
  79   1              if(key2 == 0) { 
  80   2                      delay_us(100); 
  81   2                      if(key2==0)  { 
  82   3                              while(key2 == 0) { 
  83   4                                      speak = !sk; 
  84   4                              } 
  85   3                              speak = 1; 
  86   3                              delay_ms(3); 
  87   3                              return 0x02; 
  88   3                      } 
  89   2              } 
  90   1              if(key3 == 0) { 
  91   2                      delay_us(100); 
  92   2                      if(key3==0) { 
  93   3                              while(key3 == 0) { 
  94   4                                      speak = !sk; 
  95   4                              } 
  96   3                              speak = 1; 
  97   3                              delay_ms(3); 
  98   3                              return 0x03; 
  99   3                      } 
 100   2              } 
 101   1              return(0xff);           //返回该值
 102   1      }


MODULE INFORMATION:   STATIC OVERLAYABLE
   CODE SIZE        =    409    ----
   CONSTANT SIZE    =   ----    ----
   XDATA SIZE       =   ----    ----
   PDATA SIZE       =   ----    ----
   DATA SIZE        =   ----       3
   IDATA SIZE       =   ----    ----
   BIT SIZE         =   ----    ----
END OF MODULE INFORMATION.


C51 COMPILATION COMPLETE.  0 WARNING(S),  0 ERROR(S)
